[DEBUG] 2024-08-19 15:48:09,283 org.springframework.test.context.junit4.SpringJUnit4ClassRunner <init> - SpringJUnit4ClassRunner constructor called with [class com.rgb.test.GrwJUnitTest]
[DEBUG] 2024-08-19 15:48:09,288 org.springframework.test.context.BootstrapUtils createCacheAwareContextLoaderDelegate - Instantiating CacheAwareContextLoaderDelegate from class [org.springframework.test.context.cache.DefaultCacheAwareContextLoaderDelegate]
[DEBUG] 2024-08-19 15:48:09,295 org.springframework.test.context.BootstrapUtils createBootstrapContext - Instantiating BootstrapContext using constructor [public org.springframework.test.context.support.DefaultBootstrapContext(java.lang.Class,org.springframework.test.context.CacheAwareContextLoaderDelegate)]
[DEBUG] 2024-08-19 15:48:09,314 org.springframework.test.context.BootstrapUtils resolveTestContextBootstrapper - Instantiating TestContextBootstrapper for test class [com.rgb.test.GrwJUnitTest] from class [org.springframework.test.context.support.DefaultTestContextBootstrapper]
[TRACE] 2024-08-19 15:48:09,323 org.springframework.test.context.support.ContextLoaderUtils convertContextConfigToConfigAttributesAndAddToList - Retrieved @ContextConfiguration [@org.springframework.test.context.ContextConfiguration(classes={}, inheritInitializers=true, inheritLocations=true, initializers={}, loader=org.springframework.test.context.ContextLoader.class, locations={"file:src/main/webapp/WEB-INF/spring/**/*.xml"}, name="", value={"file:src/main/webapp/WEB-INF/spring/**/*.xml"})] for declaring class [com.rgb.test.GrwJUnitTest].
[TRACE] 2024-08-19 15:48:09,325 org.springframework.test.context.support.ContextLoaderUtils convertContextConfigToConfigAttributesAndAddToList - Resolved context configuration attributes: [ContextConfigurationAttributes@212bf671 declaringClass = 'com.rgb.test.GrwJUnitTest', classes = '{}', locations = '{file:src/main/webapp/WEB-INF/spring/**/*.xml}', inheritLocations = true, initializers = '{}', inheritInitializers = true, name = [null], contextLoaderClass = 'org.springframework.test.context.ContextLoader']
[TRACE] 2024-08-19 15:48:09,326 org.springframework.test.context.support.DefaultTestContextBootstrapper resolveExplicitContextLoaderClass - Resolving ContextLoader for context configuration attributes [ContextConfigurationAttributes@212bf671 declaringClass = 'com.rgb.test.GrwJUnitTest', classes = '{}', locations = '{file:src/main/webapp/WEB-INF/spring/**/*.xml}', inheritLocations = true, initializers = '{}', inheritInitializers = true, name = [null], contextLoaderClass = 'org.springframework.test.context.ContextLoader']
[TRACE] 2024-08-19 15:48:09,327 org.springframework.test.context.support.DefaultTestContextBootstrapper resolveContextLoader - Using ContextLoader class [org.springframework.test.context.support.DelegatingSmartContextLoader] for test class [com.rgb.test.GrwJUnitTest]
[TRACE] 2024-08-19 15:48:09,330 org.springframework.test.context.support.DefaultTestContextBootstrapper buildMergedContextConfiguration - Processing locations and classes for context configuration attributes [ContextConfigurationAttributes@212bf671 declaringClass = 'com.rgb.test.GrwJUnitTest', classes = '{}', locations = '{file:src/main/webapp/WEB-INF/spring/**/*.xml}', inheritLocations = true, initializers = '{}', inheritInitializers = true, name = [null], contextLoaderClass = 'org.springframework.test.context.ContextLoader']
[DEBUG] 2024-08-19 15:48:09,330 org.springframework.test.context.support.AbstractDelegatingSmartContextLoader delegateProcessing - Delegating to GenericXmlContextLoader to process context configuration [ContextConfigurationAttributes@212bf671 declaringClass = 'com.rgb.test.GrwJUnitTest', classes = '{}', locations = '{file:src/main/webapp/WEB-INF/spring/**/*.xml}', inheritLocations = true, initializers = '{}', inheritInitializers = true, name = [null], contextLoaderClass = 'org.springframework.test.context.ContextLoader'].
[TRACE] 2024-08-19 15:48:09,353 org.springframework.test.context.support.ApplicationContextInitializerUtils resolveInitializerClasses - Processing context initializers for configuration attributes [ContextConfigurationAttributes@212bf671 declaringClass = 'com.rgb.test.GrwJUnitTest', classes = '{}', locations = '{file:src/main/webapp/WEB-INF/spring/**/*.xml}', inheritLocations = true, initializers = '{}', inheritInitializers = true, name = [null], contextLoaderClass = 'org.springframework.test.context.ContextLoader']
[DEBUG] 2024-08-19 15:48:09,354 org.springframework.test.context.support.ActiveProfilesUtils resolveActiveProfiles - Could not find an 'annotation declaring class' for annotation type [org.springframework.test.context.ActiveProfiles] and class [com.rgb.test.GrwJUnitTest]
[DEBUG] 2024-08-19 15:48:09,354 org.springframework.test.context.support.DefaultTestContextBootstrapper getTestExecutionListeners - @TestExecutionListeners is not present for class [com.rgb.test.GrwJUnitTest]: using defaults.
[INFO] 2024-08-19 15:48:09,355 org.springframework.test.context.support.DefaultTestContextBootstrapper getDefaultTestExecutionListenerClassNames - Loaded default TestExecutionListener class names from location [META-INF/spring.factories]: [org.springframework.test.context.web.ServletTestExecutionListener, org.springframework.test.context.support.DirtiesContextBeforeModesTestExecutionListener, org.springframework.test.context.event.ApplicationEventsTestExecutionListener, org.springframework.test.context.support.DependencyInjectionTestExecutionListener, org.springframework.test.context.support.DirtiesContextTestExecutionListener, org.springframework.test.context.transaction.TransactionalTestExecutionListener, org.springframework.test.context.jdbc.SqlScriptsTestExecutionListener, org.springframework.test.context.event.EventPublishingTestExecutionListener]
[INFO] 2024-08-19 15:48:09,363 org.springframework.test.context.support.DefaultTestContextBootstrapper getTestExecutionListeners - Using TestExecutionListeners: [org.springframework.test.context.web.ServletTestExecutionListener@63355449, org.springframework.test.context.support.DirtiesContextBeforeModesTestExecutionListener@9353778, org.springframework.test.context.event.ApplicationEventsTestExecutionListener@6a28ffa4, org.springframework.test.context.support.DependencyInjectionTestExecutionListener@48ae9b55, org.springframework.test.context.support.DirtiesContextTestExecutionListener@1700915, org.springframework.test.context.transaction.TransactionalTestExecutionListener@21de60b4, org.springframework.test.context.jdbc.SqlScriptsTestExecutionListener@c267ef4, org.springframework.test.context.event.EventPublishingTestExecutionListener@30ee2816]
[TRACE] 2024-08-19 15:48:09,364 org.springframework.test.context.TestContextManager registerTestExecutionListeners - Registering TestExecutionListener: org.springframework.test.context.web.ServletTestExecutionListener@63355449
[TRACE] 2024-08-19 15:48:09,364 org.springframework.test.context.TestContextManager registerTestExecutionListeners - Registering TestExecutionListener: org.springframework.test.context.support.DirtiesContextBeforeModesTestExecutionListener@9353778
[TRACE] 2024-08-19 15:48:09,364 org.springframework.test.context.TestContextManager registerTestExecutionListeners - Registering TestExecutionListener: org.springframework.test.context.event.ApplicationEventsTestExecutionListener@6a28ffa4
[TRACE] 2024-08-19 15:48:09,364 org.springframework.test.context.TestContextManager registerTestExecutionListeners - Registering TestExecutionListener: org.springframework.test.context.support.DependencyInjectionTestExecutionListener@48ae9b55
[TRACE] 2024-08-19 15:48:09,364 org.springframework.test.context.TestContextManager registerTestExecutionListeners - Registering TestExecutionListener: org.springframework.test.context.support.DirtiesContextTestExecutionListener@1700915
[TRACE] 2024-08-19 15:48:09,364 org.springframework.test.context.TestContextManager registerTestExecutionListeners - Registering TestExecutionListener: org.springframework.test.context.transaction.TransactionalTestExecutionListener@21de60b4
[TRACE] 2024-08-19 15:48:09,365 org.springframework.test.context.TestContextManager registerTestExecutionListeners - Registering TestExecutionListener: org.springframework.test.context.jdbc.SqlScriptsTestExecutionListener@c267ef4
[TRACE] 2024-08-19 15:48:09,365 org.springframework.test.context.TestContextManager registerTestExecutionListeners - Registering TestExecutionListener: org.springframework.test.context.event.EventPublishingTestExecutionListener@30ee2816
[DEBUG] 2024-08-19 15:48:09,366 org.springframework.test.annotation.ProfileValueUtils retrieveProfileValueSource - Retrieved @ProfileValueSourceConfiguration [null] for test class [com.rgb.test.GrwJUnitTest]
[DEBUG] 2024-08-19 15:48:09,367 org.springframework.test.annotation.ProfileValueUtils retrieveProfileValueSource - Retrieved ProfileValueSource type [class org.springframework.test.annotation.SystemProfileValueSource] for class [com.rgb.test.GrwJUnitTest]
[DEBUG] 2024-08-19 15:48:09,376 org.springframework.test.annotation.ProfileValueUtils retrieveProfileValueSource - Retrieved @ProfileValueSourceConfiguration [null] for test class [com.rgb.test.GrwJUnitTest]
[DEBUG] 2024-08-19 15:48:09,376 org.springframework.test.annotation.ProfileValueUtils retrieveProfileValueSource - Retrieved ProfileValueSource type [class org.springframework.test.annotation.SystemProfileValueSource] for class [com.rgb.test.GrwJUnitTest]
[DEBUG] 2024-08-19 15:48:09,376 org.springframework.test.annotation.ProfileValueUtils retrieveProfileValueSource - Retrieved @ProfileValueSourceConfiguration [null] for test class [com.rgb.test.GrwJUnitTest]
[DEBUG] 2024-08-19 15:48:09,377 org.springframework.test.annotation.ProfileValueUtils retrieveProfileValueSource - Retrieved ProfileValueSource type [class org.springframework.test.annotation.SystemProfileValueSource] for class [com.rgb.test.GrwJUnitTest]
[DEBUG] 2024-08-19 15:48:09,377 org.springframework.test.annotation.ProfileValueUtils retrieveProfileValueSource - Retrieved @ProfileValueSourceConfiguration [null] for test class [com.rgb.test.GrwJUnitTest]
[DEBUG] 2024-08-19 15:48:09,377 org.springframework.test.annotation.ProfileValueUtils retrieveProfileValueSource - Retrieved ProfileValueSource type [class org.springframework.test.annotation.SystemProfileValueSource] for class [com.rgb.test.GrwJUnitTest]
[TRACE] 2024-08-19 15:48:09,378 org.springframework.test.context.TestContextManager beforeTestClass - beforeTestClass(): class [com.rgb.test.GrwJUnitTest]
[DEBUG] 2024-08-19 15:48:09,378 org.springframework.test.context.support.AbstractDirtiesContextTestExecutionListener beforeOrAfterTestClass - Before test class: context [DefaultTestContext@f5ac9e4 testClass = GrwJUnitTest, testInstance = [null], testMethod = [null], testException = [null], mergedContextConfiguration = [MergedContextConfiguration@123ef382 testClass = GrwJUnitTest, locations = '{file:src/main/webapp/WEB-INF/spring/**/*.xml}', classes = '{}', contextInitializerClasses = '[]', activeProfiles = '{}', propertySourceLocations = '{}', propertySourceProperties = '{}', contextCustomizers = set[[empty]], contextLoader = 'org.springframework.test.context.support.DelegatingSmartContextLoader', parent = [null]], attributes = map[[empty]]], class annotated with @DirtiesContext [false] with mode [null].
[DEBUG] 2024-08-19 15:48:09,380 org.springframework.test.annotation.ProfileValueUtils retrieveProfileValueSource - Retrieved @ProfileValueSourceConfiguration [null] for test class [com.rgb.test.GrwJUnitTest]
[DEBUG] 2024-08-19 15:48:09,380 org.springframework.test.annotation.ProfileValueUtils retrieveProfileValueSource - Retrieved ProfileValueSource type [class org.springframework.test.annotation.SystemProfileValueSource] for class [com.rgb.test.GrwJUnitTest]
[TRACE] 2024-08-19 15:48:09,381 org.springframework.test.context.TestContextManager prepareTestInstance - prepareTestInstance(): instance [com.rgb.test.GrwJUnitTest@6e20b53a]
[DEBUG] 2024-08-19 15:48:09,382 org.springframework.test.context.support.DependencyInjectionTestExecutionListener prepareTestInstance - Performing dependency injection for test context [[DefaultTestContext@f5ac9e4 testClass = GrwJUnitTest, testInstance = com.rgb.test.GrwJUnitTest@6e20b53a, testMethod = [null], testException = [null], mergedContextConfiguration = [MergedContextConfiguration@123ef382 testClass = GrwJUnitTest, locations = '{file:src/main/webapp/WEB-INF/spring/**/*.xml}', classes = '{}', contextInitializerClasses = '[]', activeProfiles = '{}', propertySourceLocations = '{}', propertySourceProperties = '{}', contextCustomizers = set[[empty]], contextLoader = 'org.springframework.test.context.support.DelegatingSmartContextLoader', parent = [null]], attributes = map['org.springframework.test.context.event.ApplicationEventsTestExecutionListener.recordApplicationEvents' -> false]]].
[DEBUG] 2024-08-19 15:48:09,382 org.springframework.test.context.support.AbstractDelegatingSmartContextLoader delegateLoading - Delegating to GenericXmlContextLoader to load context from [MergedContextConfiguration@123ef382 testClass = GrwJUnitTest, locations = '{file:src/main/webapp/WEB-INF/spring/**/*.xml}', classes = '{}', contextInitializerClasses = '[]', activeProfiles = '{}', propertySourceLocations = '{}', propertySourceProperties = '{}', contextCustomizers = set[[empty]], contextLoader = 'org.springframework.test.context.support.DelegatingSmartContextLoader', parent = [null]].
[DEBUG] 2024-08-19 15:48:09,383 org.springframework.test.context.support.AbstractGenericContextLoader loadContext - Loading ApplicationContext for merged context configuration [[MergedContextConfiguration@123ef382 testClass = GrwJUnitTest, locations = '{file:src/main/webapp/WEB-INF/spring/**/*.xml}', classes = '{}', contextInitializerClasses = '[]', activeProfiles = '{}', propertySourceLocations = '{}', propertySourceProperties = '{}', contextCustomizers = set[[empty]], contextLoader = 'org.springframework.test.context.support.DelegatingSmartContextLoader', parent = [null]]].
[TRACE] 2024-08-19 15:48:09,671 org.springframework.util.PropertyPlaceholderHelper parseStringValue - Resolved placeholder 'driver'
[TRACE] 2024-08-19 15:48:09,672 org.springframework.util.PropertyPlaceholderHelper parseStringValue - Resolved placeholder 'url'
[TRACE] 2024-08-19 15:48:09,672 org.springframework.util.PropertyPlaceholderHelper parseStringValue - Resolved placeholder 'user'
[TRACE] 2024-08-19 15:48:09,672 org.springframework.util.PropertyPlaceholderHelper parseStringValue - Resolved placeholder 'pw'
[DEBUG] 2024-08-19 15:48:09,807 org.apache.ibatis.logging.LogFactory setImplementation - Logging initialized using 'class org.apache.ibatis.logging.slf4j.Slf4jImpl' adapter.
[DEBUG] 2024-08-19 15:48:09,895 org.mybatis.spring.SqlSessionFactoryBean debug - Parsed configuration file: 'class path resource [mybatis/Configuration.xml]'
[DEBUG] 2024-08-19 15:48:09,896 org.mybatis.spring.SqlSessionFactoryBean debug - Property 'mapperLocations' was not specified.
[DEBUG] 2024-08-19 15:48:10,031 _org.springframework.web.servlet.HandlerMapping.Mappings detectHandlers - 'org.springframework.web.servlet.handler.BeanNameUrlHandlerMapping' {}
[DEBUG] 2024-08-19 15:48:10,047 org.springframework.test.context.cache.DefaultCacheAwareContextLoaderDelegate loadContext - Storing ApplicationContext [320304382] in cache under key [[MergedContextConfiguration@123ef382 testClass = GrwJUnitTest, locations = '{file:src/main/webapp/WEB-INF/spring/**/*.xml}', classes = '{}', contextInitializerClasses = '[]', activeProfiles = '{}', propertySourceLocations = '{}', propertySourceProperties = '{}', contextCustomizers = set[[empty]], contextLoader = 'org.springframework.test.context.support.DelegatingSmartContextLoader', parent = [null]]]
[DEBUG] 2024-08-19 15:48:10,048 org.springframework.test.context.cache logStatistics - Spring test ApplicationContext cache statistics: [DefaultContextCache@a8a8b75 size = 1, maxSize = 32, parentContextCount = 0, hitCount = 0, missCount = 1]
[DEBUG] 2024-08-19 15:48:10,049 org.springframework.test.context.cache.DefaultCacheAwareContextLoaderDelegate loadContext - Retrieved ApplicationContext [320304382] from cache with key [[MergedContextConfiguration@123ef382 testClass = GrwJUnitTest, locations = '{file:src/main/webapp/WEB-INF/spring/**/*.xml}', classes = '{}', contextInitializerClasses = '[]', activeProfiles = '{}', propertySourceLocations = '{}', propertySourceProperties = '{}', contextCustomizers = set[[empty]], contextLoader = 'org.springframework.test.context.support.DelegatingSmartContextLoader', parent = [null]]]
[DEBUG] 2024-08-19 15:48:10,049 org.springframework.test.context.cache logStatistics - Spring test ApplicationContext cache statistics: [DefaultContextCache@a8a8b75 size = 1, maxSize = 32, parentContextCount = 0, hitCount = 1, missCount = 1]
[TRACE] 2024-08-19 15:48:10,051 org.springframework.test.context.TestContextManager prepareForBeforeCallback - beforeTestMethod(): instance [com.rgb.test.GrwJUnitTest@6e20b53a], method [public void com.rgb.test.GrwJUnitTest.test()]
[DEBUG] 2024-08-19 15:48:10,052 org.springframework.test.context.support.AbstractDirtiesContextTestExecutionListener beforeOrAfterTestMethod - Before test method: context [DefaultTestContext@f5ac9e4 testClass = GrwJUnitTest, testInstance = com.rgb.test.GrwJUnitTest@6e20b53a, testMethod = test@GrwJUnitTest, testException = [null], mergedContextConfiguration = [MergedContextConfiguration@123ef382 testClass = GrwJUnitTest, locations = '{file:src/main/webapp/WEB-INF/spring/**/*.xml}', classes = '{}', contextInitializerClasses = '[]', activeProfiles = '{}', propertySourceLocations = '{}', propertySourceProperties = '{}', contextCustomizers = set[[empty]], contextLoader = 'org.springframework.test.context.support.DelegatingSmartContextLoader', parent = [null]], attributes = map['org.springframework.test.context.event.ApplicationEventsTestExecutionListener.recordApplicationEvents' -> false]], class annotated with @DirtiesContext [false] with mode [null], method annotated with @DirtiesContext [false] with mode [null].
[DEBUG] 2024-08-19 15:48:10,057 org.springframework.test.context.cache.DefaultCacheAwareContextLoaderDelegate loadContext - Retrieved ApplicationContext [320304382] from cache with key [[MergedContextConfiguration@123ef382 testClass = GrwJUnitTest, locations = '{file:src/main/webapp/WEB-INF/spring/**/*.xml}', classes = '{}', contextInitializerClasses = '[]', activeProfiles = '{}', propertySourceLocations = '{}', propertySourceProperties = '{}', contextCustomizers = set[[empty]], contextLoader = 'org.springframework.test.context.support.DelegatingSmartContextLoader', parent = [null]]]
[DEBUG] 2024-08-19 15:48:10,057 org.springframework.test.context.cache logStatistics - Spring test ApplicationContext cache statistics: [DefaultContextCache@a8a8b75 size = 1, maxSize = 32, parentContextCount = 0, hitCount = 2, missCount = 1]
[TRACE] 2024-08-19 15:48:10,057 org.springframework.test.context.TestContextManager prepareForBeforeCallback - beforeTestExecution(): instance [com.rgb.test.GrwJUnitTest@6e20b53a], method [public void com.rgb.test.GrwJUnitTest.test()]
[DEBUG] 2024-08-19 15:48:10,058 org.springframework.test.context.cache.DefaultCacheAwareContextLoaderDelegate loadContext - Retrieved ApplicationContext [320304382] from cache with key [[MergedContextConfiguration@123ef382 testClass = GrwJUnitTest, locations = '{file:src/main/webapp/WEB-INF/spring/**/*.xml}', classes = '{}', contextInitializerClasses = '[]', activeProfiles = '{}', propertySourceLocations = '{}', propertySourceProperties = '{}', contextCustomizers = set[[empty]], contextLoader = 'org.springframework.test.context.support.DelegatingSmartContextLoader', parent = [null]]]
[DEBUG] 2024-08-19 15:48:10,058 org.springframework.test.context.cache logStatistics - Spring test ApplicationContext cache statistics: [DefaultContextCache@a8a8b75 size = 1, maxSize = 32, parentContextCount = 0, hitCount = 3, missCount = 1]
[TRACE] 2024-08-19 15:48:10,058 org.springframework.test.context.TestContextManager prepareForAfterCallback - afterTestExecution(): instance [com.rgb.test.GrwJUnitTest@6e20b53a], method [public void com.rgb.test.GrwJUnitTest.test()], exception [null]
[DEBUG] 2024-08-19 15:48:10,059 org.springframework.test.context.cache.DefaultCacheAwareContextLoaderDelegate loadContext - Retrieved ApplicationContext [320304382] from cache with key [[MergedContextConfiguration@123ef382 testClass = GrwJUnitTest, locations = '{file:src/main/webapp/WEB-INF/spring/**/*.xml}', classes = '{}', contextInitializerClasses = '[]', activeProfiles = '{}', propertySourceLocations = '{}', propertySourceProperties = '{}', contextCustomizers = set[[empty]], contextLoader = 'org.springframework.test.context.support.DelegatingSmartContextLoader', parent = [null]]]
[DEBUG] 2024-08-19 15:48:10,059 org.springframework.test.context.cache logStatistics - Spring test ApplicationContext cache statistics: [DefaultContextCache@a8a8b75 size = 1, maxSize = 32, parentContextCount = 0, hitCount = 4, missCount = 1]
[TRACE] 2024-08-19 15:48:10,060 org.springframework.test.context.TestContextManager prepareForAfterCallback - afterTestMethod(): instance [com.rgb.test.GrwJUnitTest@6e20b53a], method [public void com.rgb.test.GrwJUnitTest.test()], exception [null]
[DEBUG] 2024-08-19 15:48:10,060 org.springframework.test.context.cache.DefaultCacheAwareContextLoaderDelegate loadContext - Retrieved ApplicationContext [320304382] from cache with key [[MergedContextConfiguration@123ef382 testClass = GrwJUnitTest, locations = '{file:src/main/webapp/WEB-INF/spring/**/*.xml}', classes = '{}', contextInitializerClasses = '[]', activeProfiles = '{}', propertySourceLocations = '{}', propertySourceProperties = '{}', contextCustomizers = set[[empty]], contextLoader = 'org.springframework.test.context.support.DelegatingSmartContextLoader', parent = [null]]]
[DEBUG] 2024-08-19 15:48:10,060 org.springframework.test.context.cache logStatistics - Spring test ApplicationContext cache statistics: [DefaultContextCache@a8a8b75 size = 1, maxSize = 32, parentContextCount = 0, hitCount = 5, missCount = 1]
[DEBUG] 2024-08-19 15:48:10,060 org.springframework.test.context.support.AbstractDirtiesContextTestExecutionListener beforeOrAfterTestMethod - After test method: context [DefaultTestContext@f5ac9e4 testClass = GrwJUnitTest, testInstance = com.rgb.test.GrwJUnitTest@6e20b53a, testMethod = test@GrwJUnitTest, testException = [null], mergedContextConfiguration = [MergedContextConfiguration@123ef382 testClass = GrwJUnitTest, locations = '{file:src/main/webapp/WEB-INF/spring/**/*.xml}', classes = '{}', contextInitializerClasses = '[]', activeProfiles = '{}', propertySourceLocations = '{}', propertySourceProperties = '{}', contextCustomizers = set[[empty]], contextLoader = 'org.springframework.test.context.support.DelegatingSmartContextLoader', parent = [null]], attributes = map['org.springframework.test.context.event.ApplicationEventsTestExecutionListener.recordApplicationEvents' -> false]], class annotated with @DirtiesContext [false] with mode [null], method annotated with @DirtiesContext [false] with mode [null].
[DEBUG] 2024-08-19 15:48:10,061 org.springframework.test.annotation.ProfileValueUtils retrieveProfileValueSource - Retrieved @ProfileValueSourceConfiguration [null] for test class [com.rgb.test.GrwJUnitTest]
[DEBUG] 2024-08-19 15:48:10,061 org.springframework.test.annotation.ProfileValueUtils retrieveProfileValueSource - Retrieved ProfileValueSource type [class org.springframework.test.annotation.SystemProfileValueSource] for class [com.rgb.test.GrwJUnitTest]
[TRACE] 2024-08-19 15:48:10,061 org.springframework.test.context.TestContextManager prepareTestInstance - prepareTestInstance(): instance [com.rgb.test.GrwJUnitTest@27e32fe4]
[DEBUG] 2024-08-19 15:48:10,061 org.springframework.test.context.support.DependencyInjectionTestExecutionListener prepareTestInstance - Performing dependency injection for test context [[DefaultTestContext@f5ac9e4 testClass = GrwJUnitTest, testInstance = com.rgb.test.GrwJUnitTest@27e32fe4, testMethod = [null], testException = [null], mergedContextConfiguration = [MergedContextConfiguration@123ef382 testClass = GrwJUnitTest, locations = '{file:src/main/webapp/WEB-INF/spring/**/*.xml}', classes = '{}', contextInitializerClasses = '[]', activeProfiles = '{}', propertySourceLocations = '{}', propertySourceProperties = '{}', contextCustomizers = set[[empty]], contextLoader = 'org.springframework.test.context.support.DelegatingSmartContextLoader', parent = [null]], attributes = map['org.springframework.test.context.event.ApplicationEventsTestExecutionListener.recordApplicationEvents' -> false]]].
[DEBUG] 2024-08-19 15:48:10,061 org.springframework.test.context.cache.DefaultCacheAwareContextLoaderDelegate loadContext - Retrieved ApplicationContext [320304382] from cache with key [[MergedContextConfiguration@123ef382 testClass = GrwJUnitTest, locations = '{file:src/main/webapp/WEB-INF/spring/**/*.xml}', classes = '{}', contextInitializerClasses = '[]', activeProfiles = '{}', propertySourceLocations = '{}', propertySourceProperties = '{}', contextCustomizers = set[[empty]], contextLoader = 'org.springframework.test.context.support.DelegatingSmartContextLoader', parent = [null]]]
[DEBUG] 2024-08-19 15:48:10,061 org.springframework.test.context.cache logStatistics - Spring test ApplicationContext cache statistics: [DefaultContextCache@a8a8b75 size = 1, maxSize = 32, parentContextCount = 0, hitCount = 6, missCount = 1]
[DEBUG] 2024-08-19 15:48:10,062 org.springframework.test.context.cache.DefaultCacheAwareContextLoaderDelegate loadContext - Retrieved ApplicationContext [320304382] from cache with key [[MergedContextConfiguration@123ef382 testClass = GrwJUnitTest, locations = '{file:src/main/webapp/WEB-INF/spring/**/*.xml}', classes = '{}', contextInitializerClasses = '[]', activeProfiles = '{}', propertySourceLocations = '{}', propertySourceProperties = '{}', contextCustomizers = set[[empty]], contextLoader = 'org.springframework.test.context.support.DelegatingSmartContextLoader', parent = [null]]]
[DEBUG] 2024-08-19 15:48:10,062 org.springframework.test.context.cache logStatistics - Spring test ApplicationContext cache statistics: [DefaultContextCache@a8a8b75 size = 1, maxSize = 32, parentContextCount = 0, hitCount = 7, missCount = 1]
[TRACE] 2024-08-19 15:48:10,062 org.springframework.test.context.TestContextManager prepareForBeforeCallback - beforeTestMethod(): instance [com.rgb.test.GrwJUnitTest@27e32fe4], method [public void com.rgb.test.GrwJUnitTest.daoTest()]
[DEBUG] 2024-08-19 15:48:10,062 org.springframework.test.context.support.AbstractDirtiesContextTestExecutionListener beforeOrAfterTestMethod - Before test method: context [DefaultTestContext@f5ac9e4 testClass = GrwJUnitTest, testInstance = com.rgb.test.GrwJUnitTest@27e32fe4, testMethod = daoTest@GrwJUnitTest, testException = [null], mergedContextConfiguration = [MergedContextConfiguration@123ef382 testClass = GrwJUnitTest, locations = '{file:src/main/webapp/WEB-INF/spring/**/*.xml}', classes = '{}', contextInitializerClasses = '[]', activeProfiles = '{}', propertySourceLocations = '{}', propertySourceProperties = '{}', contextCustomizers = set[[empty]], contextLoader = 'org.springframework.test.context.support.DelegatingSmartContextLoader', parent = [null]], attributes = map['org.springframework.test.context.event.ApplicationEventsTestExecutionListener.recordApplicationEvents' -> false]], class annotated with @DirtiesContext [false] with mode [null], method annotated with @DirtiesContext [false] with mode [null].
[DEBUG] 2024-08-19 15:48:10,063 org.springframework.test.context.cache.DefaultCacheAwareContextLoaderDelegate loadContext - Retrieved ApplicationContext [320304382] from cache with key [[MergedContextConfiguration@123ef382 testClass = GrwJUnitTest, locations = '{file:src/main/webapp/WEB-INF/spring/**/*.xml}', classes = '{}', contextInitializerClasses = '[]', activeProfiles = '{}', propertySourceLocations = '{}', propertySourceProperties = '{}', contextCustomizers = set[[empty]], contextLoader = 'org.springframework.test.context.support.DelegatingSmartContextLoader', parent = [null]]]
[DEBUG] 2024-08-19 15:48:10,063 org.springframework.test.context.cache logStatistics - Spring test ApplicationContext cache statistics: [DefaultContextCache@a8a8b75 size = 1, maxSize = 32, parentContextCount = 0, hitCount = 8, missCount = 1]
[TRACE] 2024-08-19 15:48:10,063 org.springframework.test.context.TestContextManager prepareForBeforeCallback - beforeTestExecution(): instance [com.rgb.test.GrwJUnitTest@27e32fe4], method [public void com.rgb.test.GrwJUnitTest.daoTest()]
[DEBUG] 2024-08-19 15:48:10,063 org.springframework.test.context.cache.DefaultCacheAwareContextLoaderDelegate loadContext - Retrieved ApplicationContext [320304382] from cache with key [[MergedContextConfiguration@123ef382 testClass = GrwJUnitTest, locations = '{file:src/main/webapp/WEB-INF/spring/**/*.xml}', classes = '{}', contextInitializerClasses = '[]', activeProfiles = '{}', propertySourceLocations = '{}', propertySourceProperties = '{}', contextCustomizers = set[[empty]], contextLoader = 'org.springframework.test.context.support.DelegatingSmartContextLoader', parent = [null]]]
[DEBUG] 2024-08-19 15:48:10,063 org.springframework.test.context.cache logStatistics - Spring test ApplicationContext cache statistics: [DefaultContextCache@a8a8b75 size = 1, maxSize = 32, parentContextCount = 0, hitCount = 9, missCount = 1]
[DEBUG] 2024-08-19 15:48:10,065 org.mybatis.spring.SqlSessionUtils debug - Creating a new SqlSession
[DEBUG] 2024-08-19 15:48:10,068 org.mybatis.spring.SqlSessionUtils debug - SqlSession [org.apache.ibatis.session.defaults.DefaultSqlSession@57bd2029] was not registered for synchronization because synchronization is not active
[DEBUG] 2024-08-19 15:48:10,073 org.springframework.jdbc.datasource.DataSourceUtils doGetConnection - Fetching JDBC Connection from DataSource
[DEBUG] 2024-08-19 15:48:10,525 org.mybatis.spring.transaction.SpringManagedTransaction debug - JDBC Connection [jdbc:oracle:thin:@localhost:1521:xe, UserName=EDU, Oracle JDBC driver] will not be managed by Spring
[DEBUG] 2024-08-19 15:48:10,532 com.rgb.grw.dao.AnswerBoardDaoImpl.selectBoard debug - ==>  Preparing: SELECT SEQ, ID, TITLE, CONTENT FROM ANSWERBOARD
[DEBUG] 2024-08-19 15:48:10,623 com.rgb.grw.dao.AnswerBoardDaoImpl.selectBoard debug - ==> Parameters: 
[TRACE] 2024-08-19 15:48:10,750 com.rgb.grw.dao.AnswerBoardDaoImpl.selectBoard trace - <==    Columns: SEQ, ID, TITLE, CONTENT
[TRACE] 2024-08-19 15:48:10,754 com.rgb.grw.dao.AnswerBoardDaoImpl.selectBoard trace - <==        Row: 2, A001, ROOT글 첫번째, 첫번째 글의 내용 작성
[TRACE] 2024-08-19 15:48:10,759 com.rgb.grw.dao.AnswerBoardDaoImpl.selectBoard trace - <==        Row: 3, A002, ROOT글 두번째, 두번째 ROOT 글내용
[TRACE] 2024-08-19 15:48:10,760 com.rgb.grw.dao.AnswerBoardDaoImpl.selectBoard trace - <==        Row: 4, A002, ROOT글 삭제글, 두번째 ROOT 글의 삭제내용 작성
[TRACE] 2024-08-19 15:48:10,760 com.rgb.grw.dao.AnswerBoardDaoImpl.selectBoard trace - <==        Row: 21, A001, <span style="color:red;">답변형 게시판 완료</span>, <script>alert("게시판이 완료되었습니다.");</script>
<h1>글수정</h1>
[TRACE] 2024-08-19 15:48:10,760 com.rgb.grw.dao.AnswerBoardDaoImpl.selectBoard trace - <==        Row: 22, A002, 답글2, ㅁㄴㅇㄹ
[TRACE] 2024-08-19 15:48:10,760 com.rgb.grw.dao.AnswerBoardDaoImpl.selectBoard trace - <==        Row: 241, A001, asdg, adg
[TRACE] 2024-08-19 15:48:10,761 com.rgb.grw.dao.AnswerBoardDaoImpl.selectBoard trace - <==        Row: 11, A001, test, test
[TRACE] 2024-08-19 15:48:10,761 com.rgb.grw.dao.AnswerBoardDaoImpl.selectBoard trace - <==        Row: 25, A002, ROOT글 두번째25, 두번째 ROOT 글의 내용 작성
[TRACE] 2024-08-19 15:48:10,761 com.rgb.grw.dao.AnswerBoardDaoImpl.selectBoard trace - <==        Row: 23, A002, 게시판 답글 테스트, 답글 테스트 내용
[TRACE] 2024-08-19 15:48:10,761 com.rgb.grw.dao.AnswerBoardDaoImpl.selectBoard trace - <==        Row: 24, A002, ROOT글 두번째24, 두번째 ROOT 글의 내용 작성
[TRACE] 2024-08-19 15:48:10,762 com.rgb.grw.dao.AnswerBoardDaoImpl.selectBoard trace - <==        Row: 26, A002, ROOT글 두번째26, 두번째 ROOT 글의 내용 작성
[TRACE] 2024-08-19 15:48:10,763 com.rgb.grw.dao.AnswerBoardDaoImpl.selectBoard trace - <==        Row: 27, A002, ROOT글 두번째27, 두번째 ROOT 글의 내용 작성
[TRACE] 2024-08-19 15:48:10,763 com.rgb.grw.dao.AnswerBoardDaoImpl.selectBoard trace - <==        Row: 28, A002, ROOT글 두번째28, 두번째 ROOT 글의 내용 작성
[TRACE] 2024-08-19 15:48:10,763 com.rgb.grw.dao.AnswerBoardDaoImpl.selectBoard trace - <==        Row: 29, A002, ROOT글 두번째29, 두번째 ROOT 글의 내용 작성
[TRACE] 2024-08-19 15:48:10,763 com.rgb.grw.dao.AnswerBoardDaoImpl.selectBoard trace - <==        Row: 30, A002, ROOT글 두번째30, 두번째 ROOT 글의 내용 작성
[TRACE] 2024-08-19 15:48:10,764 com.rgb.grw.dao.AnswerBoardDaoImpl.selectBoard trace - <==        Row: 31, A002, ROOT글 두번째31, 두번째 ROOT 글의 내용 작성
[TRACE] 2024-08-19 15:48:10,765 com.rgb.grw.dao.AnswerBoardDaoImpl.selectBoard trace - <==        Row: 32, A002, ROOT글 두번째32, 두번째 ROOT 글의 내용 작성
[TRACE] 2024-08-19 15:48:10,766 com.rgb.grw.dao.AnswerBoardDaoImpl.selectBoard trace - <==        Row: 33, A002, ROOT글 두번째33, 두번째 ROOT 글의 내용 작성
[TRACE] 2024-08-19 15:48:10,766 com.rgb.grw.dao.AnswerBoardDaoImpl.selectBoard trace - <==        Row: 34, A002, ROOT글 두번째34, 두번째 ROOT 글의 내용 작성
[TRACE] 2024-08-19 15:48:10,766 com.rgb.grw.dao.AnswerBoardDaoImpl.selectBoard trace - <==        Row: 35, A002, ROOT글 두번째35, 두번째 ROOT 글의 내용 작성
[TRACE] 2024-08-19 15:48:10,767 com.rgb.grw.dao.AnswerBoardDaoImpl.selectBoard trace - <==        Row: 36, A002, ROOT글 두번째36, 두번째 ROOT 글의 내용 작성
[TRACE] 2024-08-19 15:48:10,767 com.rgb.grw.dao.AnswerBoardDaoImpl.selectBoard trace - <==        Row: 37, A002, ROOT글 두번째37, 두번째 ROOT 글의 내용 작성
[TRACE] 2024-08-19 15:48:10,767 com.rgb.grw.dao.AnswerBoardDaoImpl.selectBoard trace - <==        Row: 38, A002, ROOT글 두번째38, 두번째 ROOT 글의 내용 작성
[TRACE] 2024-08-19 15:48:10,767 com.rgb.grw.dao.AnswerBoardDaoImpl.selectBoard trace - <==        Row: 39, A002, ROOT글 두번째39, 두번째 ROOT 글의 내용 작성
[TRACE] 2024-08-19 15:48:10,768 com.rgb.grw.dao.AnswerBoardDaoImpl.selectBoard trace - <==        Row: 40, A002, ROOT글 두번째40, 두번째 ROOT 글의 내용 작성
[TRACE] 2024-08-19 15:48:10,768 com.rgb.grw.dao.AnswerBoardDaoImpl.selectBoard trace - <==        Row: 41, A002, ROOT글 두번째41, 두번째 ROOT 글의 내용 작성
[TRACE] 2024-08-19 15:48:10,768 com.rgb.grw.dao.AnswerBoardDaoImpl.selectBoard trace - <==        Row: 42, A002, ROOT글 두번째42, 두번째 ROOT 글의 내용 작성
[TRACE] 2024-08-19 15:48:10,768 com.rgb.grw.dao.AnswerBoardDaoImpl.selectBoard trace - <==        Row: 43, A002, ROOT글 두번째43, adgㄹㅇ너
[TRACE] 2024-08-19 15:48:10,769 com.rgb.grw.dao.AnswerBoardDaoImpl.selectBoard trace - <==        Row: 44, A002, ROOT글 두번째44, 두번째 ROOT 글의 내용 작성
[TRACE] 2024-08-19 15:48:10,769 com.rgb.grw.dao.AnswerBoardDaoImpl.selectBoard trace - <==        Row: 45, A002, ROOT글 두번째45, adgsfha
[TRACE] 2024-08-19 15:48:10,771 com.rgb.grw.dao.AnswerBoardDaoImpl.selectBoard trace - <==        Row: 46, A002, ROOT글 두번째46, 두번째 ROOT 글의 내용 작성
[TRACE] 2024-08-19 15:48:10,771 com.rgb.grw.dao.AnswerBoardDaoImpl.selectBoard trace - <==        Row: 47, A002, ROOT글 두번째47, 두번째 ROOT 글의 내용 작성
[TRACE] 2024-08-19 15:48:10,771 com.rgb.grw.dao.AnswerBoardDaoImpl.selectBoard trace - <==        Row: 48, A002, ROOT글 두번째48, 두번째 ROOT 글의 내용 작성
[TRACE] 2024-08-19 15:48:10,771 com.rgb.grw.dao.AnswerBoardDaoImpl.selectBoard trace - <==        Row: 49, A002, ROOT글 두번째49, 두번째 ROOT 글의 내용 작성
[TRACE] 2024-08-19 15:48:10,771 com.rgb.grw.dao.AnswerBoardDaoImpl.selectBoard trace - <==        Row: 50, A002, ROOT글 두번째50, 두번째 ROOT 글의 내용 작성
[TRACE] 2024-08-19 15:48:10,772 com.rgb.grw.dao.AnswerBoardDaoImpl.selectBoard trace - <==        Row: 51, A002, ROOT글 두번째51, 두번째 ROOT 글의 내용 작성
[TRACE] 2024-08-19 15:48:10,772 com.rgb.grw.dao.AnswerBoardDaoImpl.selectBoard trace - <==        Row: 52, A002, ROOT글 두번째52, 두번째 ROOT 글의 내용 작성
[TRACE] 2024-08-19 15:48:10,772 com.rgb.grw.dao.AnswerBoardDaoImpl.selectBoard trace - <==        Row: 53, A002, ROOT글 두번째53, 두번째 ROOT 글의 내용 작성
[TRACE] 2024-08-19 15:48:10,772 com.rgb.grw.dao.AnswerBoardDaoImpl.selectBoard trace - <==        Row: 54, A002, ROOT글 두번째54, 두번째 ROOT 글의 내용 작성
[TRACE] 2024-08-19 15:48:10,773 com.rgb.grw.dao.AnswerBoardDaoImpl.selectBoard trace - <==        Row: 55, A002, ROOT글 두번째55, 두번째 ROOT 글의 내용 작성
[TRACE] 2024-08-19 15:48:10,773 com.rgb.grw.dao.AnswerBoardDaoImpl.selectBoard trace - <==        Row: 56, A002, ROOT글 두번째56, 두번째 ROOT 글의 내용 작성
[TRACE] 2024-08-19 15:48:10,773 com.rgb.grw.dao.AnswerBoardDaoImpl.selectBoard trace - <==        Row: 57, A002, ROOT글 두번째57, 두번째 ROOT 글의 내용 작성
[TRACE] 2024-08-19 15:48:10,773 com.rgb.grw.dao.AnswerBoardDaoImpl.selectBoard trace - <==        Row: 58, A002, ROOT글 두번째58, 두번째 ROOT 글의 내용 작성
[TRACE] 2024-08-19 15:48:10,774 com.rgb.grw.dao.AnswerBoardDaoImpl.selectBoard trace - <==        Row: 59, A002, ROOT글 두번째59, 두번째 ROOT 글의 내용 작성
[TRACE] 2024-08-19 15:48:10,774 com.rgb.grw.dao.AnswerBoardDaoImpl.selectBoard trace - <==        Row: 60, A002, ROOT글 두번째60, 두번째 ROOT 글의 내용 작성
[TRACE] 2024-08-19 15:48:10,774 com.rgb.grw.dao.AnswerBoardDaoImpl.selectBoard trace - <==        Row: 61, A002, ROOT글 두번째61, 두번째 ROOT 글의 내용 작성
[TRACE] 2024-08-19 15:48:10,774 com.rgb.grw.dao.AnswerBoardDaoImpl.selectBoard trace - <==        Row: 62, A002, ROOT글 두번째62, 두번째 ROOT 글의 내용 작성
[TRACE] 2024-08-19 15:48:10,774 com.rgb.grw.dao.AnswerBoardDaoImpl.selectBoard trace - <==        Row: 63, A002, ROOT글 두번째63, 두번째 ROOT 글의 내용 작성
[TRACE] 2024-08-19 15:48:10,775 com.rgb.grw.dao.AnswerBoardDaoImpl.selectBoard trace - <==        Row: 64, A002, ROOT글 두번째64, 두번째 ROOT 글의 내용 작성
[TRACE] 2024-08-19 15:48:10,775 com.rgb.grw.dao.AnswerBoardDaoImpl.selectBoard trace - <==        Row: 65, A002, ROOT글 두번째65, 두번째 ROOT 글의 내용 작성
[TRACE] 2024-08-19 15:48:10,775 com.rgb.grw.dao.AnswerBoardDaoImpl.selectBoard trace - <==        Row: 66, A002, ROOT글 두번째66, 두번째 ROOT 글의 내용 작성
[TRACE] 2024-08-19 15:48:10,775 com.rgb.grw.dao.AnswerBoardDaoImpl.selectBoard trace - <==        Row: 67, A002, ROOT글 두번째67, 두번째 ROOT 글의 내용 작성
[TRACE] 2024-08-19 15:48:10,775 com.rgb.grw.dao.AnswerBoardDaoImpl.selectBoard trace - <==        Row: 68, A002, ROOT글 두번째68, 두번째 ROOT 글의 내용 작성
[TRACE] 2024-08-19 15:48:10,775 com.rgb.grw.dao.AnswerBoardDaoImpl.selectBoard trace - <==        Row: 69, A002, ROOT글 두번째69, 두번째 ROOT 글의 내용 작성
[TRACE] 2024-08-19 15:48:10,775 com.rgb.grw.dao.AnswerBoardDaoImpl.selectBoard trace - <==        Row: 70, A002, ROOT글 두번째70, 두번째 ROOT 글의 내용 작성
[TRACE] 2024-08-19 15:48:10,776 com.rgb.grw.dao.AnswerBoardDaoImpl.selectBoard trace - <==        Row: 71, A002, ROOT글 두번째71, 두번째 ROOT 글의 내용 작성
[TRACE] 2024-08-19 15:48:10,776 com.rgb.grw.dao.AnswerBoardDaoImpl.selectBoard trace - <==        Row: 72, A002, ROOT글 두번째72, 두번째 ROOT 글의 내용 작성
[TRACE] 2024-08-19 15:48:10,776 com.rgb.grw.dao.AnswerBoardDaoImpl.selectBoard trace - <==        Row: 73, A002, ROOT글 두번째73, 두번째 ROOT 글의 내용 작성
[TRACE] 2024-08-19 15:48:10,776 com.rgb.grw.dao.AnswerBoardDaoImpl.selectBoard trace - <==        Row: 74, A002, ROOT글 두번째74, 두번째 ROOT 글의 내용 작성
[TRACE] 2024-08-19 15:48:10,776 com.rgb.grw.dao.AnswerBoardDaoImpl.selectBoard trace - <==        Row: 75, A002, ROOT글 두번째75, 두번째 ROOT 글의 내용 작성
[TRACE] 2024-08-19 15:48:10,776 com.rgb.grw.dao.AnswerBoardDaoImpl.selectBoard trace - <==        Row: 76, A002, ROOT글 두번째76, 두번째 ROOT 글의 내용 작성
[TRACE] 2024-08-19 15:48:10,777 com.rgb.grw.dao.AnswerBoardDaoImpl.selectBoard trace - <==        Row: 77, A002, ROOT글 두번째77, 두번째 ROOT 글의 내용 작성
[TRACE] 2024-08-19 15:48:10,777 com.rgb.grw.dao.AnswerBoardDaoImpl.selectBoard trace - <==        Row: 78, A002, ROOT글 두번째78, 두번째 ROOT 글의 내용 작성
[TRACE] 2024-08-19 15:48:10,777 com.rgb.grw.dao.AnswerBoardDaoImpl.selectBoard trace - <==        Row: 79, A002, ROOT글 두번째79, 두번째 ROOT 글의 내용 작성
[TRACE] 2024-08-19 15:48:10,777 com.rgb.grw.dao.AnswerBoardDaoImpl.selectBoard trace - <==        Row: 80, A002, ROOT글 두번째80, 두번째 ROOT 글의 내용 작성
[TRACE] 2024-08-19 15:48:10,778 com.rgb.grw.dao.AnswerBoardDaoImpl.selectBoard trace - <==        Row: 81, A002, ROOT글 두번째81, 두번째 ROOT 글의 내용 작성
[TRACE] 2024-08-19 15:48:10,778 com.rgb.grw.dao.AnswerBoardDaoImpl.selectBoard trace - <==        Row: 82, A002, ROOT글 두번째82, 두번째 ROOT 글의 내용 작성
[TRACE] 2024-08-19 15:48:10,780 com.rgb.grw.dao.AnswerBoardDaoImpl.selectBoard trace - <==        Row: 83, A002, ROOT글 두번째83, 두번째 ROOT 글의 내용 작성
[TRACE] 2024-08-19 15:48:10,780 com.rgb.grw.dao.AnswerBoardDaoImpl.selectBoard trace - <==        Row: 84, A002, ROOT글 두번째84, 두번째 ROOT 글의 내용 작성
[TRACE] 2024-08-19 15:48:10,780 com.rgb.grw.dao.AnswerBoardDaoImpl.selectBoard trace - <==        Row: 85, A002, ROOT글 두번째85, 두번째 ROOT 글의 내용 작성
[TRACE] 2024-08-19 15:48:10,781 com.rgb.grw.dao.AnswerBoardDaoImpl.selectBoard trace - <==        Row: 86, A002, ROOT글 두번째86, 두번째 ROOT 글의 내용 작성
[TRACE] 2024-08-19 15:48:10,781 com.rgb.grw.dao.AnswerBoardDaoImpl.selectBoard trace - <==        Row: 87, A002, ROOT글 두번째87, 두번째 ROOT 글의 내용 작성
[TRACE] 2024-08-19 15:48:10,781 com.rgb.grw.dao.AnswerBoardDaoImpl.selectBoard trace - <==        Row: 88, A002, ROOT글 두번째88, 두번째 ROOT 글의 내용 작성
[TRACE] 2024-08-19 15:48:10,781 com.rgb.grw.dao.AnswerBoardDaoImpl.selectBoard trace - <==        Row: 89, A002, ROOT글 두번째89, 두번째 ROOT 글의 내용 작성
[TRACE] 2024-08-19 15:48:10,782 com.rgb.grw.dao.AnswerBoardDaoImpl.selectBoard trace - <==        Row: 90, A002, ROOT글 두번째90, 두번째 ROOT 글의 내용 작성
[TRACE] 2024-08-19 15:48:10,782 com.rgb.grw.dao.AnswerBoardDaoImpl.selectBoard trace - <==        Row: 91, A002, ROOT글 두번째91, 두번째 ROOT 글의 내용 작성
[TRACE] 2024-08-19 15:48:10,782 com.rgb.grw.dao.AnswerBoardDaoImpl.selectBoard trace - <==        Row: 7, A001, 답글1, 답글1 내용
[TRACE] 2024-08-19 15:48:10,782 com.rgb.grw.dao.AnswerBoardDaoImpl.selectBoard trace - <==        Row: 104, A002, 파일업로드도 되요, 드디어 파일 업로드 게시판도 성공
[TRACE] 2024-08-19 15:48:10,782 com.rgb.grw.dao.AnswerBoardDaoImpl.selectBoard trace - <==        Row: 105, A002, 파일업로드도 안돼, 드디어 파일 업로드 게시판도 성공
[TRACE] 2024-08-19 15:48:10,783 com.rgb.grw.dao.AnswerBoardDaoImpl.selectBoard trace - <==        Row: 16, A001, 답글테스트, asdf
[TRACE] 2024-08-19 15:48:10,783 com.rgb.grw.dao.AnswerBoardDaoImpl.selectBoard trace - <==        Row: 107, A002, tomcat에 재배포, 드디어 파일 업로드 게시판도 성공
[TRACE] 2024-08-19 15:48:10,783 com.rgb.grw.dao.AnswerBoardDaoImpl.selectBoard trace - <==        Row: 242, A001, AH, AFH
[TRACE] 2024-08-19 15:48:10,783 com.rgb.grw.dao.AnswerBoardDaoImpl.selectBoard trace - <==        Row: 201, A001, 월요일 좋아요, 월요일은 힘든날
[TRACE] 2024-08-19 15:48:10,783 com.rgb.grw.dao.AnswerBoardDaoImpl.selectBoard trace - <==        Row: 203, A001, 월요일의 답글, 월요일의 답글 내용
[TRACE] 2024-08-19 15:48:10,784 com.rgb.grw.dao.AnswerBoardDaoImpl.selectBoard trace - <==        Row: 221, A001, 비오는날, 비오는 날은 부대찌개
[TRACE] 2024-08-19 15:48:10,784 com.rgb.grw.dao.AnswerBoardDaoImpl.selectBoard trace - <==        Row: 243, A001, ASG, ASFG
[TRACE] 2024-08-19 15:48:10,784 com.rgb.grw.dao.AnswerBoardDaoImpl.selectBoard trace - <==        Row: 182, A001, adf, 원본글>드디어 파일 업로드 게시판도 성공
[TRACE] 2024-08-19 15:48:10,784 com.rgb.grw.dao.AnswerBoardDaoImpl.selectBoard trace - <==        Row: 181, A001, Spring 답글, ㄴㅁㅎ
[TRACE] 2024-08-19 15:48:10,784 com.rgb.grw.dao.AnswerBoardDaoImpl.selectBoard trace - <==        Row: 261, A001, A001, A001
[DEBUG] 2024-08-19 15:48:10,784 com.rgb.grw.dao.AnswerBoardDaoImpl.selectBoard debug - <==      Total: 89
[DEBUG] 2024-08-19 15:48:10,788 org.mybatis.spring.SqlSessionUtils debug - Closing non transactional SqlSession [org.apache.ibatis.session.defaults.DefaultSqlSession@57bd2029]
[TRACE] 2024-08-19 15:48:10,789 org.springframework.test.context.TestContextManager prepareForAfterCallback - afterTestExecution(): instance [com.rgb.test.GrwJUnitTest@27e32fe4], method [public void com.rgb.test.GrwJUnitTest.daoTest()], exception [null]
[DEBUG] 2024-08-19 15:48:10,789 org.springframework.test.context.cache.DefaultCacheAwareContextLoaderDelegate loadContext - Retrieved ApplicationContext [320304382] from cache with key [[MergedContextConfiguration@123ef382 testClass = GrwJUnitTest, locations = '{file:src/main/webapp/WEB-INF/spring/**/*.xml}', classes = '{}', contextInitializerClasses = '[]', activeProfiles = '{}', propertySourceLocations = '{}', propertySourceProperties = '{}', contextCustomizers = set[[empty]], contextLoader = 'org.springframework.test.context.support.DelegatingSmartContextLoader', parent = [null]]]
[DEBUG] 2024-08-19 15:48:10,789 org.springframework.test.context.cache logStatistics - Spring test ApplicationContext cache statistics: [DefaultContextCache@a8a8b75 size = 1, maxSize = 32, parentContextCount = 0, hitCount = 10, missCount = 1]
[TRACE] 2024-08-19 15:48:10,789 org.springframework.test.context.TestContextManager prepareForAfterCallback - afterTestMethod(): instance [com.rgb.test.GrwJUnitTest@27e32fe4], method [public void com.rgb.test.GrwJUnitTest.daoTest()], exception [null]
[DEBUG] 2024-08-19 15:48:10,789 org.springframework.test.context.cache.DefaultCacheAwareContextLoaderDelegate loadContext - Retrieved ApplicationContext [320304382] from cache with key [[MergedContextConfiguration@123ef382 testClass = GrwJUnitTest, locations = '{file:src/main/webapp/WEB-INF/spring/**/*.xml}', classes = '{}', contextInitializerClasses = '[]', activeProfiles = '{}', propertySourceLocations = '{}', propertySourceProperties = '{}', contextCustomizers = set[[empty]], contextLoader = 'org.springframework.test.context.support.DelegatingSmartContextLoader', parent = [null]]]
[DEBUG] 2024-08-19 15:48:10,789 org.springframework.test.context.cache logStatistics - Spring test ApplicationContext cache statistics: [DefaultContextCache@a8a8b75 size = 1, maxSize = 32, parentContextCount = 0, hitCount = 11, missCount = 1]
[DEBUG] 2024-08-19 15:48:10,790 org.springframework.test.context.support.AbstractDirtiesContextTestExecutionListener beforeOrAfterTestMethod - After test method: context [DefaultTestContext@f5ac9e4 testClass = GrwJUnitTest, testInstance = com.rgb.test.GrwJUnitTest@27e32fe4, testMethod = daoTest@GrwJUnitTest, testException = [null], mergedContextConfiguration = [MergedContextConfiguration@123ef382 testClass = GrwJUnitTest, locations = '{file:src/main/webapp/WEB-INF/spring/**/*.xml}', classes = '{}', contextInitializerClasses = '[]', activeProfiles = '{}', propertySourceLocations = '{}', propertySourceProperties = '{}', contextCustomizers = set[[empty]], contextLoader = 'org.springframework.test.context.support.DelegatingSmartContextLoader', parent = [null]], attributes = map['org.springframework.test.context.event.ApplicationEventsTestExecutionListener.recordApplicationEvents' -> false]], class annotated with @DirtiesContext [false] with mode [null], method annotated with @DirtiesContext [false] with mode [null].
[TRACE] 2024-08-19 15:48:10,790 org.springframework.test.context.TestContextManager afterTestClass - afterTestClass(): class [com.rgb.test.GrwJUnitTest]
[DEBUG] 2024-08-19 15:48:10,790 org.springframework.test.context.cache.DefaultCacheAwareContextLoaderDelegate loadContext - Retrieved ApplicationContext [320304382] from cache with key [[MergedContextConfiguration@123ef382 testClass = GrwJUnitTest, locations = '{file:src/main/webapp/WEB-INF/spring/**/*.xml}', classes = '{}', contextInitializerClasses = '[]', activeProfiles = '{}', propertySourceLocations = '{}', propertySourceProperties = '{}', contextCustomizers = set[[empty]], contextLoader = 'org.springframework.test.context.support.DelegatingSmartContextLoader', parent = [null]]]
[DEBUG] 2024-08-19 15:48:10,790 org.springframework.test.context.cache logStatistics - Spring test ApplicationContext cache statistics: [DefaultContextCache@a8a8b75 size = 1, maxSize = 32, parentContextCount = 0, hitCount = 12, missCount = 1]
[DEBUG] 2024-08-19 15:48:10,791 org.springframework.test.context.support.AbstractDirtiesContextTestExecutionListener beforeOrAfterTestClass - After test class: context [DefaultTestContext@f5ac9e4 testClass = GrwJUnitTest, testInstance = [null], testMethod = [null], testException = [null], mergedContextConfiguration = [MergedContextConfiguration@123ef382 testClass = GrwJUnitTest, locations = '{file:src/main/webapp/WEB-INF/spring/**/*.xml}', classes = '{}', contextInitializerClasses = '[]', activeProfiles = '{}', propertySourceLocations = '{}', propertySourceProperties = '{}', contextCustomizers = set[[empty]], contextLoader = 'org.springframework.test.context.support.DelegatingSmartContextLoader', parent = [null]], attributes = map['org.springframework.test.context.event.ApplicationEventsTestExecutionListener.recordApplicationEvents' -> false]], class annotated with @DirtiesContext [false] with mode [null].
